<?xml version="1.0" encoding="UTF-8"?>
<!-- Generated by org.testng.reporters.JUnitReportReporter -->
<testsuite hostname="AKSHAYS-PC" failures="0" tests="3" name="demoproject.AkshayTest" time="0.029" errors="0" timestamp="2021-06-06T14:00:46 IST" skipped="0">
  <testcase classname="demoproject.AkshayTest" name="Test2" time="0.016"/>
  <system-out/>
  <testcase classname="demoproject.AkshayTest" name="Test1" time="0.004"/>
  <system-out/>
  <testcase classname="demoproject.AkshayTest" name="Test3" time="0.009"/>
  <system-out/>
</testsuite> <!-- demoproject.AkshayTest -->
