<?xml version="1.0" encoding="UTF-8"?>
<!-- Generated by org.testng.reporters.JUnitReportReporter -->
<testsuite hostname="AKSHAYS-PC" failures="0" tests="3" name="demoproject.JenkinTest" time="97.227" errors="0" timestamp="2021-06-06T11:07:46 IST" skipped="0">
  <testcase classname="demoproject.JenkinTest" name="Test3" time="17.322"/>
  <system-out/>
  <testcase classname="demoproject.JenkinTest" name="Test1" time="42.203"/>
  <system-out/>
  <testcase classname="demoproject.JenkinTest" name="Test2" time="37.702"/>
  <system-out/>
</testsuite> <!-- demoproject.JenkinTest -->
