<?xml version="1.0" encoding="UTF-8"?>
<!-- Generated by org.testng.reporters.JUnitReportReporter -->
<testsuite hostname="AKSHAYS-PC" failures="0" tests="1" name="demoproject.JenkinTest" time="10.391" errors="0" timestamp="2021-06-04T19:54:12 IST" skipped="0">
  <testcase classname="demoproject.JenkinTest" name="Test2" time="10.391"/>
  <system-out/>
</testsuite> <!-- demoproject.JenkinTest -->
