<?xml version="1.0" encoding="UTF-8"?>
<!-- Generated by org.testng.reporters.JUnitReportReporter -->
<testsuite hostname="AKSHAYS-PC" failures="0" tests="3" name="demoproject.JenkinTest" time="0.017" errors="0" timestamp="2021-06-06T14:00:46 IST" skipped="0">
  <testcase classname="demoproject.JenkinTest" name="Test3" time="0.006"/>
  <system-out/>
  <testcase classname="demoproject.JenkinTest" name="Test2" time="0.006"/>
  <system-out/>
  <testcase classname="demoproject.JenkinTest" name="Test1" time="0.005"/>
  <system-out/>
</testsuite> <!-- demoproject.JenkinTest -->
